<?xml version="1.0" encoding="UTF-8"?>
<testng-results total="1" passed="1" failed="0" skipped="0">
  <reporter-output>
    <line>
      <![CDATA[Row data is Fetched]]>
    </line>
    <line>
      <![CDATA[row Data is fetched]]>
    </line>
  </reporter-output>
  <suite started-at="2021-08-09T05:30:24Z" name="Suite1" finished-at="2021-08-09T05:30:25Z" duration-ms="1210">
    <groups>
    </groups>
    <test started-at="2021-08-09T05:30:24Z" name="Regression1" finished-at="2021-08-09T05:30:25Z" duration-ms="1210">
      <class name="Excel_Class">
        <test-method signature="Excel()[pri:0, instance:Excel_Class@7e6f74c]" started-at="2021-08-09T11:00:24Z" name="Excel" finished-at="2021-08-09T11:00:25Z" duration-ms="1182" status="PASS">
          <reporter-output>
            <line>
              <![CDATA[Row data is Fetched]]>
            </line>
            <line>
              <![CDATA[row Data is fetched]]>
            </line>
          </reporter-output>
        </test-method> <!-- Excel -->
      </class> <!-- Excel_Class -->
    </test> <!-- Regression1 -->
  </suite> <!-- Suite1 -->
</testng-results>
